This file contains any messages produced by compilers while
running configure, to aid debugging if configure makes a mistake.

It was created by xdrawchem configure 1.9.4, which was
generated by GNU Autoconf 2.63.  Invocation command line was

  $ ./configure 

## --------- ##
## Platform. ##
## --------- ##

hostname = verticademovm.local
uname -m = x86_64
uname -r = 2.6.32-642.4.2.el6.x86_64
uname -s = Linux
uname -v = #1 SMP Tue Aug 23 19:58:13 UTC 2016

/usr/bin/uname -p = unknown
/bin/uname -X     = unknown

/bin/arch              = x86_64
/usr/bin/arch -k       = unknown
/usr/convex/getsysinfo = unknown
/usr/bin/hostinfo      = unknown
/bin/machine           = unknown
/usr/bin/oslevel       = unknown
/bin/universe          = unknown

PATH: /usr/local/maven/bin
PATH: /usr/local/maven/bin
PATH: /usr/lib64/qt-3.3/bin
PATH: /usr/local/maven/bin
PATH: /usr/local/sbin
PATH: /usr/sbin
PATH: /sbin
PATH: /usr/local/bin
PATH: /usr/bin
PATH: /bin
PATH: /root/bin


## ----------- ##
## Core tests. ##
## ----------- ##

configure:2115: checking for a BSD-compatible install
configure:2183: result: /usr/bin/install -c
configure:2194: checking whether build environment is sane
configure:2254: result: yes
configure:2395: checking for a thread-safe mkdir -p
configure:2434: result: /bin/mkdir -p
configure:2447: checking for gawk
configure:2463: found /usr/bin/gawk
configure:2474: result: gawk
configure:2485: checking whether make sets $(MAKE)
configure:2507: result: yes
configure:2642: checking for pkg-config
configure:2660: found /usr/bin/pkg-config
configure:2672: result: /usr/bin/pkg-config
configure:2697: checking pkg-config is at least version 0.9.0
configure:2700: result: yes
configure:2711: checking for XDRAWCHEM
configure:2718: $PKG_CONFIG --exists --print-errors "openbabel-2.0 >= 2.0.0"
configure:2721: $? = 0
configure:2734: $PKG_CONFIG --exists --print-errors "openbabel-2.0 >= 2.0.0"
configure:2737: $? = 0
configure:2814: result: yes
configure:2886: checking for g++
configure:2902: found /usr/bin/g++
configure:2913: result: g++
configure:2940: checking for C++ compiler version
configure:2948: g++ --version >&5
g++ (GCC) 4.4.7 20120313 (Red Hat 4.4.7-17)
Copyright (C) 2010 Free Software Foundation, Inc.
This is free software; see the source for copying conditions.  There is NO
warranty; not even for MERCHANTABILITY or FITNESS FOR A PARTICULAR PURPOSE.

configure:2952: $? = 0
configure:2959: g++ -v >&5
Using built-in specs.
Target: x86_64-redhat-linux
Configured with: ../configure --prefix=/usr --mandir=/usr/share/man --infodir=/usr/share/info --with-bugurl=http://bugzilla.redhat.com/bugzilla --enable-bootstrap --enable-shared --enable-threads=posix --enable-checking=release --with-system-zlib --enable-__cxa_atexit --disable-libunwind-exceptions --enable-gnu-unique-object --enable-languages=c,c++,objc,obj-c++,java,fortran,ada --enable-java-awt=gtk --disable-dssi --with-java-home=/usr/lib/jvm/java-1.5.0-gcj-1.5.0.0/jre --enable-libgcj-multifile --enable-java-maintainer-mode --with-ecj-jar=/usr/share/java/eclipse-ecj.jar --disable-libjava-multilib --with-ppl --with-cloog --with-tune=generic --with-arch_32=i686 --build=x86_64-redhat-linux
Thread model: posix
gcc version 4.4.7 20120313 (Red Hat 4.4.7-17) (GCC) 
configure:2963: $? = 0
configure:2970: g++ -V >&5
g++: '-V' option must have argument
configure:2974: $? = 1
configure:2997: checking for C++ compiler default output file name
configure:3019: g++    conftest.cpp  >&5
configure:3023: $? = 0
configure:3061: result: a.out
configure:3080: checking whether the C++ compiler works
configure:3090: ./a.out
configure:3094: $? = 0
configure:3113: result: yes
configure:3120: checking whether we are cross compiling
configure:3122: result: no
configure:3125: checking for suffix of executables
configure:3132: g++ -o conftest    conftest.cpp  >&5
configure:3136: $? = 0
configure:3162: result: 
configure:3168: checking for suffix of object files
configure:3194: g++ -c   conftest.cpp >&5
configure:3198: $? = 0
configure:3223: result: o
configure:3227: checking whether we are using the GNU C++ compiler
configure:3256: g++ -c   conftest.cpp >&5
configure:3263: $? = 0
configure:3280: result: yes
configure:3289: checking whether g++ accepts -g
configure:3319: g++ -c -g  conftest.cpp >&5
configure:3326: $? = 0
configure:3427: result: yes
configure:3461: checking for style of include used by make
configure:3489: result: GNU
configure:3514: checking dependency style of g++
configure:3624: result: gcc3
configure:3687: checking for gcc
configure:3703: found /usr/bin/gcc
configure:3714: result: gcc
configure:3946: checking for C compiler version
configure:3954: gcc --version >&5
gcc (GCC) 4.4.7 20120313 (Red Hat 4.4.7-17)
Copyright (C) 2010 Free Software Foundation, Inc.
This is free software; see the source for copying conditions.  There is NO
warranty; not even for MERCHANTABILITY or FITNESS FOR A PARTICULAR PURPOSE.

configure:3958: $? = 0
configure:3965: gcc -v >&5
Using built-in specs.
Target: x86_64-redhat-linux
Configured with: ../configure --prefix=/usr --mandir=/usr/share/man --infodir=/usr/share/info --with-bugurl=http://bugzilla.redhat.com/bugzilla --enable-bootstrap --enable-shared --enable-threads=posix --enable-checking=release --with-system-zlib --enable-__cxa_atexit --disable-libunwind-exceptions --enable-gnu-unique-object --enable-languages=c,c++,objc,obj-c++,java,fortran,ada --enable-java-awt=gtk --disable-dssi --with-java-home=/usr/lib/jvm/java-1.5.0-gcj-1.5.0.0/jre --enable-libgcj-multifile --enable-java-maintainer-mode --with-ecj-jar=/usr/share/java/eclipse-ecj.jar --disable-libjava-multilib --with-ppl --with-cloog --with-tune=generic --with-arch_32=i686 --build=x86_64-redhat-linux
Thread model: posix
gcc version 4.4.7 20120313 (Red Hat 4.4.7-17) (GCC) 
configure:3969: $? = 0
configure:3976: gcc -V >&5
gcc: '-V' option must have argument
configure:3980: $? = 1
configure:3983: checking whether we are using the GNU C compiler
configure:4012: gcc -c   conftest.c >&5
configure:4019: $? = 0
configure:4036: result: yes
configure:4045: checking whether gcc accepts -g
configure:4075: gcc -c -g  conftest.c >&5
configure:4082: $? = 0
configure:4183: result: yes
configure:4200: checking for gcc option to accept ISO C89
configure:4274: gcc  -c -g -O2  conftest.c >&5
configure:4281: $? = 0
configure:4304: result: none needed
configure:4324: checking dependency style of gcc
configure:4434: result: gcc3
configure:4463: checking for a BSD-compatible install
configure:4531: result: /usr/bin/install -c
configure:4573: checking build system type
configure:4591: result: x86_64-unknown-linux-gnu
configure:4613: checking host system type
configure:4628: result: x86_64-unknown-linux-gnu
configure:4650: checking for a sed that does not truncate output
configure:4716: result: /bin/sed
configure:4734: checking for grep that handles long lines and -e
configure:4794: result: /bin/grep
configure:4799: checking for egrep
configure:4863: result: /bin/grep -E
configure:4868: checking for fgrep
configure:4932: result: /bin/grep -F
configure:4967: checking for ld used by gcc
configure:5034: result: /usr/bin/ld
configure:5043: checking if the linker (/usr/bin/ld) is GNU ld
configure:5058: result: yes
configure:5070: checking for BSD- or MS-compatible name lister (nm)
configure:5119: result: /usr/bin/nm -B
configure:5237: checking the name lister (/usr/bin/nm -B) interface
configure:5244: gcc -c -g -O2  conftest.c >&5
configure:5247: /usr/bin/nm -B "conftest.o"
configure:5250: output
0000000000000000 B some_variable
configure:5257: result: BSD nm
configure:5260: checking whether ln -s works
configure:5264: result: yes
configure:5272: checking the maximum length of command line arguments
configure:5392: result: 1966080
configure:5409: checking whether the shell understands some XSI constructs
configure:5419: result: yes
configure:5423: checking whether the shell understands "+="
configure:5429: result: yes
configure:5464: checking for /usr/bin/ld option to reload object files
configure:5471: result: -r
configure:5540: checking for objdump
configure:5556: found /usr/bin/objdump
configure:5567: result: objdump
configure:5599: checking how to recognize dependent libraries
configure:5795: result: pass_all
configure:5855: checking for ar
configure:5871: found /usr/bin/ar
configure:5882: result: ar
configure:5960: checking for strip
configure:5976: found /usr/bin/strip
configure:5987: result: strip
configure:6059: checking for ranlib
configure:6075: found /usr/bin/ranlib
configure:6086: result: ranlib
configure:6176: checking command to parse /usr/bin/nm -B output from gcc object
configure:6294: gcc -c -g -O2  conftest.c >&5
configure:6297: $? = 0
configure:6301: /usr/bin/nm -B conftest.o \| sed -n -e 's/^.*[	 ]\([ABCDGIRSTW][ABCDGIRSTW]*\)[	 ][	 ]*\([_A-Za-z][_A-Za-z0-9]*\)$/\1 \2 \2/p' \> conftest.nm
configure:6304: $? = 0
configure:6358: gcc -o conftest -g -O2   conftest.c conftstm.o >&5
configure:6361: $? = 0
configure:6399: result: ok
configure:6495: gcc -c -g -O2  conftest.c >&5
configure:6498: $? = 0
configure:7266: checking how to run the C preprocessor
configure:7306: gcc -E  conftest.c
configure:7313: $? = 0
configure:7344: gcc -E  conftest.c
conftest.c:10:28: error: ac_nonexistent.h: No such file or directory
configure:7351: $? = 1
configure: failed program was:
| /* confdefs.h.  */
| #define PACKAGE_NAME "xdrawchem"
| #define PACKAGE_TARNAME "xdrawchem"
| #define PACKAGE_VERSION "1.9.4"
| #define PACKAGE_STRING "xdrawchem 1.9.4"
| #define PACKAGE_BUGREPORT "bherger@users.sourceforge.net"
| #define PACKAGE "xdrawchem"
| #define VERSION "1.9.4"
| /* end confdefs.h.  */
| #include <ac_nonexistent.h>
configure:7384: result: gcc -E
configure:7413: gcc -E  conftest.c
configure:7420: $? = 0
configure:7451: gcc -E  conftest.c
conftest.c:10:28: error: ac_nonexistent.h: No such file or directory
configure:7458: $? = 1
configure: failed program was:
| /* confdefs.h.  */
| #define PACKAGE_NAME "xdrawchem"
| #define PACKAGE_TARNAME "xdrawchem"
| #define PACKAGE_VERSION "1.9.4"
| #define PACKAGE_STRING "xdrawchem 1.9.4"
| #define PACKAGE_BUGREPORT "bherger@users.sourceforge.net"
| #define PACKAGE "xdrawchem"
| #define VERSION "1.9.4"
| /* end confdefs.h.  */
| #include <ac_nonexistent.h>
configure:7498: checking for ANSI C header files
configure:7528: gcc -c -g -O2  conftest.c >&5
configure:7535: $? = 0
configure:7634: gcc -o conftest -g -O2   conftest.c  >&5
configure:7638: $? = 0
configure:7644: ./conftest
configure:7648: $? = 0
configure:7666: result: yes
configure:7690: checking for sys/types.h
configure:7711: gcc -c -g -O2  conftest.c >&5
configure:7718: $? = 0
configure:7735: result: yes
configure:7690: checking for sys/stat.h
configure:7711: gcc -c -g -O2  conftest.c >&5
configure:7718: $? = 0
configure:7735: result: yes
configure:7690: checking for stdlib.h
configure:7711: gcc -c -g -O2  conftest.c >&5
configure:7718: $? = 0
configure:7735: result: yes
configure:7690: checking for string.h
configure:7711: gcc -c -g -O2  conftest.c >&5
configure:7718: $? = 0
configure:7735: result: yes
configure:7690: checking for memory.h
configure:7711: gcc -c -g -O2  conftest.c >&5
configure:7718: $? = 0
configure:7735: result: yes
configure:7690: checking for strings.h
configure:7711: gcc -c -g -O2  conftest.c >&5
configure:7718: $? = 0
configure:7735: result: yes
configure:7690: checking for inttypes.h
configure:7711: gcc -c -g -O2  conftest.c >&5
configure:7718: $? = 0
configure:7735: result: yes
configure:7690: checking for stdint.h
configure:7711: gcc -c -g -O2  conftest.c >&5
configure:7718: $? = 0
configure:7735: result: yes
configure:7690: checking for unistd.h
configure:7711: gcc -c -g -O2  conftest.c >&5
configure:7718: $? = 0
configure:7735: result: yes
configure:7753: checking for dlfcn.h
configure:7774: gcc -c -g -O2  conftest.c >&5
configure:7781: $? = 0
configure:7798: result: yes
configure:7925: checking for C++ compiler version
configure:7933: g++ --version >&5
g++ (GCC) 4.4.7 20120313 (Red Hat 4.4.7-17)
Copyright (C) 2010 Free Software Foundation, Inc.
This is free software; see the source for copying conditions.  There is NO
warranty; not even for MERCHANTABILITY or FITNESS FOR A PARTICULAR PURPOSE.

configure:7937: $? = 0
configure:7944: g++ -v >&5
Using built-in specs.
Target: x86_64-redhat-linux
Configured with: ../configure --prefix=/usr --mandir=/usr/share/man --infodir=/usr/share/info --with-bugurl=http://bugzilla.redhat.com/bugzilla --enable-bootstrap --enable-shared --enable-threads=posix --enable-checking=release --with-system-zlib --enable-__cxa_atexit --disable-libunwind-exceptions --enable-gnu-unique-object --enable-languages=c,c++,objc,obj-c++,java,fortran,ada --enable-java-awt=gtk --disable-dssi --with-java-home=/usr/lib/jvm/java-1.5.0-gcj-1.5.0.0/jre --enable-libgcj-multifile --enable-java-maintainer-mode --with-ecj-jar=/usr/share/java/eclipse-ecj.jar --disable-libjava-multilib --with-ppl --with-cloog --with-tune=generic --with-arch_32=i686 --build=x86_64-redhat-linux
Thread model: posix
gcc version 4.4.7 20120313 (Red Hat 4.4.7-17) (GCC) 
configure:7948: $? = 0
configure:7955: g++ -V >&5
g++: '-V' option must have argument
configure:7959: $? = 1
configure:7962: checking whether we are using the GNU C++ compiler
configure:8015: result: yes
configure:8024: checking whether g++ accepts -g
configure:8162: result: yes
configure:8187: checking dependency style of g++
configure:8297: result: gcc3
configure:8320: checking how to run the C++ preprocessor
configure:8356: g++ -E  conftest.cpp
configure:8363: $? = 0
configure:8394: g++ -E  conftest.cpp
conftest.cpp:21:28: error: ac_nonexistent.h: No such file or directory
configure:8401: $? = 1
configure: failed program was:
| /* confdefs.h.  */
| #define PACKAGE_NAME "xdrawchem"
| #define PACKAGE_TARNAME "xdrawchem"
| #define PACKAGE_VERSION "1.9.4"
| #define PACKAGE_STRING "xdrawchem 1.9.4"
| #define PACKAGE_BUGREPORT "bherger@users.sourceforge.net"
| #define PACKAGE "xdrawchem"
| #define VERSION "1.9.4"
| #define STDC_HEADERS 1
| #define HAVE_SYS_TYPES_H 1
| #define HAVE_SYS_STAT_H 1
| #define HAVE_STDLIB_H 1
| #define HAVE_STRING_H 1
| #define HAVE_MEMORY_H 1
| #define HAVE_STRINGS_H 1
| #define HAVE_INTTYPES_H 1
| #define HAVE_STDINT_H 1
| #define HAVE_UNISTD_H 1
| #define HAVE_DLFCN_H 1
| /* end confdefs.h.  */
| #include <ac_nonexistent.h>
configure:8434: result: g++ -E
configure:8463: g++ -E  conftest.cpp
configure:8470: $? = 0
configure:8501: g++ -E  conftest.cpp
conftest.cpp:21:28: error: ac_nonexistent.h: No such file or directory
configure:8508: $? = 1
configure: failed program was:
| /* confdefs.h.  */
| #define PACKAGE_NAME "xdrawchem"
| #define PACKAGE_TARNAME "xdrawchem"
| #define PACKAGE_VERSION "1.9.4"
| #define PACKAGE_STRING "xdrawchem 1.9.4"
| #define PACKAGE_BUGREPORT "bherger@users.sourceforge.net"
| #define PACKAGE "xdrawchem"
| #define VERSION "1.9.4"
| #define STDC_HEADERS 1
| #define HAVE_SYS_TYPES_H 1
| #define HAVE_SYS_STAT_H 1
| #define HAVE_STDLIB_H 1
| #define HAVE_STRING_H 1
| #define HAVE_MEMORY_H 1
| #define HAVE_STRINGS_H 1
| #define HAVE_INTTYPES_H 1
| #define HAVE_STDINT_H 1
| #define HAVE_UNISTD_H 1
| #define HAVE_DLFCN_H 1
| /* end confdefs.h.  */
| #include <ac_nonexistent.h>
configure:8722: checking for objdir
configure:8737: result: .libs
configure:9029: checking if gcc supports -fno-rtti -fno-exceptions
configure:9047: gcc -c -g -O2  -fno-rtti -fno-exceptions conftest.c >&5
cc1: warning: command line option "-fno-rtti" is valid for C++/ObjC++ but not for C
configure:9051: $? = 0
configure:9064: result: no
configure:9084: checking for gcc option to produce PIC
configure:9356: result: -fPIC -DPIC
configure:9368: checking if gcc PIC flag -fPIC -DPIC works
configure:9386: gcc -c -g -O2  -fPIC -DPIC -DPIC conftest.c >&5
configure:9390: $? = 0
configure:9403: result: yes
configure:9427: checking if gcc static flag -static works
configure:9455: result: no
configure:9470: checking if gcc supports -c -o file.o
configure:9491: gcc -c -g -O2  -o out/conftest2.o conftest.c >&5
configure:9495: $? = 0
configure:9517: result: yes
configure:9525: checking if gcc supports -c -o file.o
configure:9572: result: yes
configure:9605: checking whether the gcc linker (/usr/bin/ld -m elf_x86_64) supports shared libraries
configure:10679: result: yes
configure:10716: checking whether -lc should be explicitly linked in
configure:10721: gcc -c -g -O2  conftest.c >&5
configure:10724: $? = 0
configure:10739: gcc -shared conftest.o  -v -Wl,-soname -Wl,conftest -o conftest 2\>\&1 \| /bin/grep  -lc  \>/dev/null 2\>\&1
configure:10742: $? = 0
configure:10754: result: no
configure:10918: checking dynamic linker characteristics
configure:11361: gcc -o conftest -g -O2   -Wl,-rpath -Wl,/foo conftest.c  >&5
configure:11368: $? = 0
configure:11604: result: GNU/Linux ld.so
configure:11706: checking how to hardcode library paths into programs
configure:11731: result: immediate
configure:12564: checking whether stripping libraries is possible
configure:12569: result: yes
configure:12604: checking if libtool supports shared libraries
configure:12606: result: yes
configure:12609: checking whether to build shared libraries
configure:12630: result: yes
configure:12633: checking whether to build static libraries
configure:12637: result: yes
configure:12787: checking for ld used by g++
configure:12854: result: /usr/bin/ld -m elf_x86_64
configure:12863: checking if the linker (/usr/bin/ld -m elf_x86_64) is GNU ld
configure:12878: result: yes
configure:12933: checking whether the g++ linker (/usr/bin/ld -m elf_x86_64) supports shared libraries
configure:13908: result: yes
configure:13936: g++ -c -g -O2  conftest.cpp >&5
configure:13939: $? = 0
configure:14121: checking for g++ option to produce PIC
configure:14438: result: -fPIC -DPIC
configure:14447: checking if g++ PIC flag -fPIC -DPIC works
configure:14465: g++ -c -g -O2  -fPIC -DPIC -DPIC conftest.cpp >&5
configure:14469: $? = 0
configure:14482: result: yes
configure:14503: checking if g++ static flag -static works
configure:14531: result: no
configure:14543: checking if g++ supports -c -o file.o
configure:14564: g++ -c -g -O2  -o out/conftest2.o conftest.cpp >&5
configure:14568: $? = 0
configure:14590: result: yes
configure:14595: checking if g++ supports -c -o file.o
configure:14642: result: yes
configure:14672: checking whether the g++ linker (/usr/bin/ld -m elf_x86_64) supports shared libraries
configure:14698: result: yes
configure:14835: checking dynamic linker characteristics
configure:15226: g++ -o conftest -g -O2   -Wl,-rpath -Wl,/foo conftest.cpp  >&5
configure:15233: $? = 0
configure:15469: result: GNU/Linux ld.so
configure:15520: checking how to hardcode library paths into programs
configure:15545: result: immediate
configure:15606: checking for ar
configure:15624: found /usr/bin/ar
configure:15636: result: /usr/bin/ar
configure:15644: checking for X
configure:15759: gcc -E  conftest.c
configure:15766: $? = 0
configure:15815: gcc -o conftest -g -O2   conftest.c -lX11  >&5
configure:15822: $? = 0
configure:15884: result: libraries , headers 
configure:15892: checking QTINCDIR
configure:15913: result: /usr/lib64/qt-3.3/include
configure:15916: checking QTLIBDIR
configure:15938: result: /usr/lib64/qt-3.3/lib
configure:15949: checking for moc
configure:15971: result: /usr/lib64/qt-3.3/bin/moc
configure:15979: checking for uic
configure:16001: result: /usr/lib64/qt-3.3/bin/uic
configure:16012: checking for qembed
configure:16028: found /usr/lib64/qt-3.3/bin/qembed
configure:16039: result: qembed
configure:16112: checking if Qt is static
configure:16114: result: yes
configure:16116: checking if Qt is multithreaded
configure:16118: result: yes
configure:16120: checking if Qt is embedded
configure:16122: result: no
configure:16202: checking for XftFontOpen in -lXft
configure:16237: gcc -o conftest -g -O2   conftest.c -lXft  -L/usr/lib64/qt-3.3/lib -lqt-mt -L -lXext -lX11 -lm -lSM -lICE -ldl -ljpeg >&5
configure:16244: $? = 0
configure:16265: result: yes
configure:16274: checking QT_CXXFLAGS
configure:16276: result: -I/usr/lib64/qt-3.3/include -D_REENTRANT -DQT_THREAD_SUPPORT
configure:16278: checking QT_LDADD
configure:16280: result: -L/usr/lib64/qt-3.3/lib -lqt-mt -L -lXext -lX11 -lm -lSM -lICE -ldl -ljpeg -lXft
configure:16294: checking for ANSI C header files
configure:16462: result: yes
configure:16490: checking errno.h usability
configure:16507: gcc -c -g -O2  conftest.c >&5
configure:16514: $? = 0
configure:16528: result: yes
configure:16532: checking errno.h presence
configure:16547: gcc -E  conftest.c
configure:16554: $? = 0
configure:16568: result: yes
configure:16601: checking for errno.h
configure:16610: result: yes
configure:16479: checking for stdlib.h
configure:16486: result: yes
configure:16479: checking for unistd.h
configure:16486: result: yes
configure:16627: checking for an ANSI C-conforming const
configure:16702: gcc -c -g -O2  conftest.c >&5
configure:16709: $? = 0
configure:16724: result: yes
configure:16734: checking for inline
configure:16760: gcc -c -g -O2  conftest.c >&5
configure:16767: $? = 0
configure:16785: result: inline
configure:16804: checking whether struct tm is in sys/time.h or time.h
configure:16834: gcc -c -g -O2  conftest.c >&5
configure:16841: $? = 0
configure:16856: result: time.h
configure:16873: checking for stdlib.h
configure:16880: result: yes
configure:17019: checking for GNU libc compatible malloc
configure:17053: gcc -o conftest -g -O2   conftest.c -L/usr/lib64/qt-3.3/lib -lqt-mt -L -lXext -lX11 -lm -lSM -lICE -ldl -ljpeg >&5
configure:17057: $? = 0
configure:17063: ./conftest
configure:17067: $? = 0
configure:17084: result: yes
configure:17118: checking for floor
configure:17174: gcc -o conftest -g -O2   conftest.c -L/usr/lib64/qt-3.3/lib -lqt-mt -L -lXext -lX11 -lm -lSM -lICE -ldl -ljpeg >&5
conftest.c:51: warning: conflicting types for built-in function 'floor'
configure:17181: $? = 0
configure:17203: result: yes
configure:17118: checking for pow
configure:17174: gcc -o conftest -g -O2   conftest.c -L/usr/lib64/qt-3.3/lib -lqt-mt -L -lXext -lX11 -lm -lSM -lICE -ldl -ljpeg >&5
conftest.c:52: warning: conflicting types for built-in function 'pow'
configure:17181: $? = 0
configure:17203: result: yes
configure:17118: checking for sqrt
configure:17174: gcc -o conftest -g -O2   conftest.c -L/usr/lib64/qt-3.3/lib -lqt-mt -L -lXext -lX11 -lm -lSM -lICE -ldl -ljpeg >&5
conftest.c:53: warning: conflicting types for built-in function 'sqrt'
configure:17181: $? = 0
configure:17203: result: yes
configure:17359: creating ./config.status

## ---------------------- ##
## Running config.status. ##
## ---------------------- ##

This file was extended by xdrawchem config.status 1.9.4, which was
generated by GNU Autoconf 2.63.  Invocation command line was

  CONFIG_FILES    = 
  CONFIG_HEADERS  = 
  CONFIG_LINKS    = 
  CONFIG_COMMANDS = 
  $ ./config.status 

on verticademovm.local

config.status:1071: creating Makefile
config.status:1071: creating xdrawchem/Makefile
config.status:1071: creating doc/Makefile
config.status:1071: creating ring/Makefile
config.status:1071: creating config.h
config.status:1345: executing depfiles commands
config.status:1345: executing libtool commands

## ---------------- ##
## Cache variables. ##
## ---------------- ##

ac_cv_build=x86_64-unknown-linux-gnu
ac_cv_c_compiler_gnu=yes
ac_cv_c_const=yes
ac_cv_c_inline=inline
ac_cv_cxx_compiler_gnu=yes
ac_cv_env_CCC_set=
ac_cv_env_CCC_value=
ac_cv_env_CC_set=
ac_cv_env_CC_value=
ac_cv_env_CFLAGS_set=
ac_cv_env_CFLAGS_value=
ac_cv_env_CPPFLAGS_set=
ac_cv_env_CPPFLAGS_value=
ac_cv_env_CPP_set=
ac_cv_env_CPP_value=
ac_cv_env_CXXCPP_set=
ac_cv_env_CXXCPP_value=
ac_cv_env_CXXFLAGS_set=
ac_cv_env_CXXFLAGS_value=
ac_cv_env_CXX_set=
ac_cv_env_CXX_value=
ac_cv_env_LDFLAGS_set=
ac_cv_env_LDFLAGS_value=
ac_cv_env_LIBS_set=
ac_cv_env_LIBS_value=
ac_cv_env_PKG_CONFIG_set=
ac_cv_env_PKG_CONFIG_value=
ac_cv_env_XDRAWCHEM_CFLAGS_set=
ac_cv_env_XDRAWCHEM_CFLAGS_value=
ac_cv_env_XDRAWCHEM_LIBS_set=
ac_cv_env_XDRAWCHEM_LIBS_value=
ac_cv_env_XMKMF_set=
ac_cv_env_XMKMF_value=
ac_cv_env_build_alias_set=
ac_cv_env_build_alias_value=
ac_cv_env_host_alias_set=
ac_cv_env_host_alias_value=
ac_cv_env_target_alias_set=
ac_cv_env_target_alias_value=
ac_cv_func_floor=yes
ac_cv_func_malloc_0_nonnull=yes
ac_cv_func_pow=yes
ac_cv_func_sqrt=yes
ac_cv_have_x='have_x=yes	ac_x_includes='\'''\''	ac_x_libraries='\'''\'''
ac_cv_header_dlfcn_h=yes
ac_cv_header_errno_h=yes
ac_cv_header_inttypes_h=yes
ac_cv_header_memory_h=yes
ac_cv_header_stdc=yes
ac_cv_header_stdint_h=yes
ac_cv_header_stdlib_h=yes
ac_cv_header_string_h=yes
ac_cv_header_strings_h=yes
ac_cv_header_sys_stat_h=yes
ac_cv_header_sys_types_h=yes
ac_cv_header_unistd_h=yes
ac_cv_host=x86_64-unknown-linux-gnu
ac_cv_lib_Xft_XftFontOpen=yes
ac_cv_objext=o
ac_cv_path_AR=/usr/bin/ar
ac_cv_path_EGREP='/bin/grep -E'
ac_cv_path_FGREP='/bin/grep -F'
ac_cv_path_GREP=/bin/grep
ac_cv_path_SED=/bin/sed
ac_cv_path_ac_pt_PKG_CONFIG=/usr/bin/pkg-config
ac_cv_path_install='/usr/bin/install -c'
ac_cv_path_mkdir=/bin/mkdir
ac_cv_prog_AWK=gawk
ac_cv_prog_CPP='gcc -E'
ac_cv_prog_CXXCPP='g++ -E'
ac_cv_prog_QEMBED=qembed
ac_cv_prog_ac_ct_AR=ar
ac_cv_prog_ac_ct_CC=gcc
ac_cv_prog_ac_ct_CXX=g++
ac_cv_prog_ac_ct_OBJDUMP=objdump
ac_cv_prog_ac_ct_RANLIB=ranlib
ac_cv_prog_ac_ct_STRIP=strip
ac_cv_prog_cc_c89=
ac_cv_prog_cc_g=yes
ac_cv_prog_cxx_g=yes
ac_cv_prog_make_make_set=yes
ac_cv_struct_tm=time.h
am_cv_CC_dependencies_compiler_type=gcc3
am_cv_CXX_dependencies_compiler_type=gcc3
lt_cv_deplibs_check_method=pass_all
lt_cv_file_magic_cmd='$MAGIC_CMD'
lt_cv_file_magic_test_file=
lt_cv_ld_reload_flag=-r
lt_cv_nm_interface='BSD nm'
lt_cv_objdir=.libs
lt_cv_path_LD=/usr/bin/ld
lt_cv_path_LDCXX='/usr/bin/ld -m elf_x86_64'
lt_cv_path_NM='/usr/bin/nm -B'
lt_cv_prog_compiler_c_o=yes
lt_cv_prog_compiler_c_o_CXX=yes
lt_cv_prog_compiler_pic_works=yes
lt_cv_prog_compiler_pic_works_CXX=yes
lt_cv_prog_compiler_rtti_exceptions=no
lt_cv_prog_compiler_static_works=no
lt_cv_prog_compiler_static_works_CXX=no
lt_cv_prog_gnu_ld=yes
lt_cv_prog_gnu_ldcxx=yes
lt_cv_sys_global_symbol_pipe='sed -n -e '\''s/^.*[	 ]\([ABCDGIRSTW][ABCDGIRSTW]*\)[	 ][	 ]*\([_A-Za-z][_A-Za-z0-9]*\)$/\1 \2 \2/p'\'''
lt_cv_sys_global_symbol_to_c_name_address='sed -n -e '\''s/^: \([^ ]*\) $/  {\"\1\", (void *) 0},/p'\'' -e '\''s/^[ABCDGIRSTW]* \([^ ]*\) \([^ ]*\)$/  {"\2", (void *) \&\2},/p'\'''
lt_cv_sys_global_symbol_to_c_name_address_lib_prefix='sed -n -e '\''s/^: \([^ ]*\) $/  {\"\1\", (void *) 0},/p'\'' -e '\''s/^[ABCDGIRSTW]* \([^ ]*\) \(lib[^ ]*\)$/  {"\2", (void *) \&\2},/p'\'' -e '\''s/^[ABCDGIRSTW]* \([^ ]*\) \([^ ]*\)$/  {"lib\2", (void *) \&\2},/p'\'''
lt_cv_sys_global_symbol_to_cdecl='sed -n -e '\''s/^T .* \(.*\)$/extern int \1();/p'\'' -e '\''s/^[ABCDGIRSTW]* .* \(.*\)$/extern char \1;/p'\'''
lt_cv_sys_max_cmd_len=1966080
pkg_cv_XDRAWCHEM_CFLAGS='-I/usr/local/include/openbabel-2.0  '
pkg_cv_XDRAWCHEM_LIBS='-L/usr/local/lib -lopenbabel  '

## ----------------- ##
## Output variables. ##
## ----------------- ##

ACLOCAL='${SHELL} /home/bryan/SF/xdrawchem-code/xdrawchem/missing --run aclocal-1.11'
AMDEPBACKSLASH='\'
AMDEP_FALSE='#'
AMDEP_TRUE=''
AMTAR='${SHELL} /home/bryan/SF/xdrawchem-code/xdrawchem/missing --run tar'
AR='/usr/bin/ar'
AUTOCONF='${SHELL} /home/bryan/SF/xdrawchem-code/xdrawchem/missing --run autoconf'
AUTOHEADER='${SHELL} /home/bryan/SF/xdrawchem-code/xdrawchem/missing --run autoheader'
AUTOMAKE='${SHELL} /home/bryan/SF/xdrawchem-code/xdrawchem/missing --run automake-1.11'
AWK='gawk'
CC='gcc'
CCDEPMODE='depmode=gcc3'
CFLAGS='-g -O2'
CPP='gcc -E'
CPPFLAGS=''
CXX='g++'
CXXCPP='g++ -E'
CXXDEPMODE='depmode=gcc3'
CXXFLAGS='-g -g -O2'
CYGPATH_W='echo'
DEFS='-DHAVE_CONFIG_H'
DEPDIR='.deps'
DSYMUTIL=''
DUMPBIN=''
ECHO_C=''
ECHO_N='-n'
ECHO_T=''
EGREP='/bin/grep -E'
EXEEXT=''
FGREP='/bin/grep -F'
GREP='/bin/grep'
INSTALL_DATA='${INSTALL} -m 644'
INSTALL_PROGRAM='${INSTALL}'
INSTALL_SCRIPT='${INSTALL}'
INSTALL_STRIP_PROGRAM='$(install_sh) -c -s'
LD='/usr/bin/ld -m elf_x86_64'
LDFLAGS=''
LIBOBJS=''
LIBS='-L/usr/lib64/qt-3.3/lib -lqt-mt -L -lXext -lX11 -lm -lSM -lICE -ldl -ljpeg'
LIBTOOL='$(SHELL) $(top_builddir)/libtool'
LIBTOOL_DEPS='./ltmain.sh'
LIPO=''
LN_S='ln -s'
LTLIBOBJS=''
MAKEINFO='${SHELL} /home/bryan/SF/xdrawchem-code/xdrawchem/missing --run makeinfo'
MKDIR_P='/bin/mkdir -p'
MOC='/usr/lib64/qt-3.3/bin/moc'
MY_SUBDIRS='. xdrawchem ring doc'
NM='/usr/bin/nm -B'
NMEDIT=''
OBJDUMP='objdump'
OBJEXT='o'
OTOOL64=''
OTOOL=''
PACKAGE='xdrawchem'
PACKAGE_BUGREPORT='bherger@users.sourceforge.net'
PACKAGE_NAME='xdrawchem'
PACKAGE_STRING='xdrawchem 1.9.4'
PACKAGE_TARNAME='xdrawchem'
PACKAGE_VERSION='1.9.4'
PATH_SEPARATOR=':'
PKG_CONFIG='/usr/bin/pkg-config'
QASSISTANTCLIENT_LDADD='-lqassistantclient'
QEMBED='qembed'
QT_CXXFLAGS='-I/usr/lib64/qt-3.3/include -D_REENTRANT -DQT_THREAD_SUPPORT'
QT_GUILINK=''
QT_LDADD='-L/usr/lib64/qt-3.3/lib -lqt-mt -L -lXext -lX11 -lm -lSM -lICE -ldl -ljpeg -lXft'
RANLIB='ranlib'
SED='/bin/sed'
SET_MAKE=''
SHELL='/bin/sh'
STRIP='strip'
UIC='/usr/lib64/qt-3.3/bin/uic'
VERSION='1.9.4'
XDRAWCHEM_CFLAGS='-I/usr/local/include/openbabel-2.0  '
XDRAWCHEM_LIBS='-L/usr/local/lib -lopenbabel  '
XMKMF=''
ac_ct_CC='gcc'
ac_ct_CXX='g++'
ac_ct_DUMPBIN=''
am__EXEEXT_FALSE=''
am__EXEEXT_TRUE='#'
am__fastdepCC_FALSE='#'
am__fastdepCC_TRUE=''
am__fastdepCXX_FALSE='#'
am__fastdepCXX_TRUE=''
am__include='include'
am__isrc=''
am__leading_dot='.'
am__quote=''
am__tar='${AMTAR} chof - "$$tardir"'
am__untar='${AMTAR} xf -'
bindir='${exec_prefix}/bin'
build='x86_64-unknown-linux-gnu'
build_alias=''
build_cpu='x86_64'
build_os='linux-gnu'
build_vendor='unknown'
datadir='${datarootdir}'
datarootdir='${prefix}/share'
docdir='${datarootdir}/doc/${PACKAGE_TARNAME}'
dvidir='${docdir}'
exec_prefix='${prefix}'
host='x86_64-unknown-linux-gnu'
host_alias=''
host_cpu='x86_64'
host_os='linux-gnu'
host_vendor='unknown'
htmldir='${docdir}'
includedir='${prefix}/include'
infodir='${datarootdir}/info'
install_sh='${SHELL} /home/bryan/SF/xdrawchem-code/xdrawchem/install-sh'
libdir='${exec_prefix}/lib'
libexecdir='${exec_prefix}/libexec'
localedir='${datarootdir}/locale'
localstatedir='${prefix}/var'
lt_ECHO='echo'
mandir='${datarootdir}/man'
mkdir_p='/bin/mkdir -p'
oldincludedir='/usr/include'
openbabel_version='1.100.2'
pdfdir='${docdir}'
prefix='/usr/local'
program_transform_name='s,x,x,'
psdir='${docdir}'
sbindir='${exec_prefix}/sbin'
sharedstatedir='${prefix}/com'
sysconfdir='${prefix}/etc'
target_alias=''

## ----------- ##
## confdefs.h. ##
## ----------- ##

#define PACKAGE_NAME "xdrawchem"
#define PACKAGE_TARNAME "xdrawchem"
#define PACKAGE_VERSION "1.9.4"
#define PACKAGE_STRING "xdrawchem 1.9.4"
#define PACKAGE_BUGREPORT "bherger@users.sourceforge.net"
#define PACKAGE "xdrawchem"
#define VERSION "1.9.4"
#define STDC_HEADERS 1
#define HAVE_SYS_TYPES_H 1
#define HAVE_SYS_STAT_H 1
#define HAVE_STDLIB_H 1
#define HAVE_STRING_H 1
#define HAVE_MEMORY_H 1
#define HAVE_STRINGS_H 1
#define HAVE_INTTYPES_H 1
#define HAVE_STDINT_H 1
#define HAVE_UNISTD_H 1
#define HAVE_DLFCN_H 1
#define LT_OBJDIR ".libs/"
#define STDC_HEADERS 1
#define HAVE_ERRNO_H 1
#define HAVE_STDLIB_H 1
#define HAVE_UNISTD_H 1
#define HAVE_STDLIB_H 1
#define HAVE_MALLOC 1
#define HAVE_FLOOR 1
#define HAVE_POW 1
#define HAVE_SQRT 1

configure: exit 0

## ---------------------- ##
## Running config.status. ##
## ---------------------- ##

This file was extended by xdrawchem config.status 1.9.4, which was
generated by GNU Autoconf 2.63.  Invocation command line was

  CONFIG_FILES    = 
  CONFIG_HEADERS  = 
  CONFIG_LINKS    = 
  CONFIG_COMMANDS = 
  $ ./config.status config.h

on verticademovm.local

config.status:1071: creating config.h

## ---------------------- ##
## Running config.status. ##
## ---------------------- ##

This file was extended by xdrawchem config.status 1.9.4, which was
generated by GNU Autoconf 2.63.  Invocation command line was

  CONFIG_FILES    = 
  CONFIG_HEADERS  = 
  CONFIG_LINKS    = 
  CONFIG_COMMANDS = 
  $ ./config.status Makefile

on verticademovm.local

config.status:1071: creating Makefile

## ---------------------- ##
## Running config.status. ##
## ---------------------- ##

This file was extended by xdrawchem config.status 1.9.4, which was
generated by GNU Autoconf 2.63.  Invocation command line was

  CONFIG_FILES    = 
  CONFIG_HEADERS  = 
  CONFIG_LINKS    = 
  CONFIG_COMMANDS = 
  $ ./config.status xdrawchem/Makefile depfiles

on verticademovm.local

config.status:1071: creating xdrawchem/Makefile
config.status:1345: executing depfiles commands

## ---------------------- ##
## Running config.status. ##
## ---------------------- ##

This file was extended by xdrawchem config.status 1.9.4, which was
generated by GNU Autoconf 2.63.  Invocation command line was

  CONFIG_FILES    = 
  CONFIG_HEADERS  = 
  CONFIG_LINKS    = 
  CONFIG_COMMANDS = 
  $ ./config.status ring/Makefile

on verticademovm.local

config.status:1071: creating ring/Makefile

## ---------------------- ##
## Running config.status. ##
## ---------------------- ##

This file was extended by xdrawchem config.status 1.9.4, which was
generated by GNU Autoconf 2.63.  Invocation command line was

  CONFIG_FILES    = 
  CONFIG_HEADERS  = 
  CONFIG_LINKS    = 
  CONFIG_COMMANDS = 
  $ ./config.status doc/Makefile

on verticademovm.local

config.status:1071: creating doc/Makefile
